[ 2017-05-03T15:17:07+08:00 ] ::1 ::1 GET /blog/public/admin/entry/index.html
[ log ] localhost:8080/blog/public/admin/entry/index.html [运行时间：0.116905s][吞吐率：8.55req/s] [内存消耗：1,606.41kb] [文件加载：46]
[ info ] [ LANG ] /Applications/MAMP/htdocs/blog/thinkphp/lang/zh-cn.php
[ info ] [ ROUTE ] array (
  'type' => 'module',
  'module' => 
  array (
    0 => 'admin',
    1 => 'entry',
    2 => 'index',
  ),
)
[ info ] [ HEADER ] array (
  'host' => 'localhost:8080',
  'connection' => 'keep-alive',
  'cache-control' => 'max-age=0',
  'upgrade-insecure-requests' => '1',
  'user-agent' => 'Mozilla/5.0 (Macintosh; Intel Mac OS X 10_12_4) AppleWebKit/537.36 (KHTML, like Gecko) Chrome/57.0.2987.133 Safari/537.36',
  'accept' => 'text/html,application/xhtml+xml,application/xml;q=0.9,image/webp,*/*;q=0.8',
  'referer' => 'http://localhost:8080/blog/public/admin/entry/index.html',
  'accept-encoding' => 'gzip, deflate, sdch, br',
  'accept-language' => 'zh-CN,zh;q=0.8,en;q=0.6',
  'cookie' => 'PHPSESSID=03a6cf9d9de27edbbc167ed96a159db6; SQLiteManager_currentLangue=2',
)
[ info ] [ PARAM ] array (
)
[ info ] [ SESSION ] INIT array (
  'id' => '',
  'var_session_id' => '',
  'prefix' => 'think',
  'type' => '',
  'auto_start' => true,
)
[ info ] [ RUN ] app\admin\controller\Entry->index[ /Applications/MAMP/htdocs/blog/application/admin/controller/Entry.php ]
[ info ] [ VIEW ] /Applications/MAMP/htdocs/blog/public/../application/admin/view/entry/index.html [ array (
) ]
[ info ] [ LOG ] INIT File

---------------------------------------------------------------
[ 2017-05-03T15:17:07+08:00 ] ::1 ::1 GET /blog/public/admin/entry/resource/hdjs/app/util.js
[ log ] localhost:8080/blog/public/admin/entry/resource/hdjs/app/util.js [运行时间：0.060909s][吞吐率：16.42req/s] [内存消耗：1,631.63kb] [文件加载：48]
[ info ] [ LANG ] /Applications/MAMP/htdocs/blog/thinkphp/lang/zh-cn.php
[ info ] [ ROUTE ] array (
  'type' => 'module',
  'module' => 
  array (
    0 => 'admin',
    1 => 'entry',
    2 => 'resource',
  ),
)
[ info ] [ HEADER ] array (
  'host' => 'localhost:8080',
  'connection' => 'keep-alive',
  'user-agent' => 'Mozilla/5.0 (Macintosh; Intel Mac OS X 10_12_4) AppleWebKit/537.36 (KHTML, like Gecko) Chrome/57.0.2987.133 Safari/537.36',
  'accept' => '*/*',
  'referer' => 'http://localhost:8080/blog/public/admin/entry/index.html',
  'accept-encoding' => 'gzip, deflate, sdch, br',
  'accept-language' => 'zh-CN,zh;q=0.8,en;q=0.6',
  'cookie' => 'PHPSESSID=03a6cf9d9de27edbbc167ed96a159db6; SQLiteManager_currentLangue=2',
)
[ info ] [ PARAM ] array (
  'hdjs' => 'app',
)
[ info ] [ SESSION ] INIT array (
  'id' => '',
  'var_session_id' => '',
  'prefix' => 'think',
  'type' => '',
  'auto_start' => true,
)
[ info ] [ LOG ] INIT File

---------------------------------------------------------------
[ 2017-05-03T15:17:07+08:00 ] ::1 ::1 GET /blog/public/admin/entry/resource/hdjs/app/config.js
[ log ] localhost:8080/blog/public/admin/entry/resource/hdjs/app/config.js [运行时间：0.062295s][吞吐率：16.05req/s] [内存消耗：1,631.63kb] [文件加载：48]
[ info ] [ LANG ] /Applications/MAMP/htdocs/blog/thinkphp/lang/zh-cn.php
[ info ] [ ROUTE ] array (
  'type' => 'module',
  'module' => 
  array (
    0 => 'admin',
    1 => 'entry',
    2 => 'resource',
  ),
)
[ info ] [ HEADER ] array (
  'host' => 'localhost:8080',
  'connection' => 'keep-alive',
  'user-agent' => 'Mozilla/5.0 (Macintosh; Intel Mac OS X 10_12_4) AppleWebKit/537.36 (KHTML, like Gecko) Chrome/57.0.2987.133 Safari/537.36',
  'accept' => '*/*',
  'referer' => 'http://localhost:8080/blog/public/admin/entry/index.html',
  'accept-encoding' => 'gzip, deflate, sdch, br',
  'accept-language' => 'zh-CN,zh;q=0.8,en;q=0.6',
  'cookie' => 'PHPSESSID=03a6cf9d9de27edbbc167ed96a159db6; SQLiteManager_currentLangue=2',
)
[ info ] [ PARAM ] array (
  'hdjs' => 'app',
)
[ info ] [ SESSION ] INIT array (
  'id' => '',
  'var_session_id' => '',
  'prefix' => 'think',
  'type' => '',
  'auto_start' => true,
)
[ info ] [ LOG ] INIT File

---------------------------------------------------------------
[ 2017-05-03T15:17:07+08:00 ] ::1 ::1 GET /blog/public/admin/entry/resource/hdjs/require.js
[ log ] localhost:8080/blog/public/admin/entry/resource/hdjs/require.js [运行时间：0.071724s][吞吐率：13.94req/s] [内存消耗：1,631.66kb] [文件加载：48]
[ info ] [ LANG ] /Applications/MAMP/htdocs/blog/thinkphp/lang/zh-cn.php
[ info ] [ ROUTE ] array (
  'type' => 'module',
  'module' => 
  array (
    0 => 'admin',
    1 => 'entry',
    2 => 'resource',
  ),
)
[ info ] [ HEADER ] array (
  'host' => 'localhost:8080',
  'connection' => 'keep-alive',
  'user-agent' => 'Mozilla/5.0 (Macintosh; Intel Mac OS X 10_12_4) AppleWebKit/537.36 (KHTML, like Gecko) Chrome/57.0.2987.133 Safari/537.36',
  'accept' => '*/*',
  'referer' => 'http://localhost:8080/blog/public/admin/entry/index.html',
  'accept-encoding' => 'gzip, deflate, sdch, br',
  'accept-language' => 'zh-CN,zh;q=0.8,en;q=0.6',
  'cookie' => 'PHPSESSID=03a6cf9d9de27edbbc167ed96a159db6; SQLiteManager_currentLangue=2',
)
[ info ] [ PARAM ] array (
  'hdjs' => 'require.js',
)
[ info ] [ SESSION ] INIT array (
  'id' => '',
  'var_session_id' => '',
  'prefix' => 'think',
  'type' => '',
  'auto_start' => true,
)
[ info ] [ LOG ] INIT File

---------------------------------------------------------------
[ 2017-05-03T15:17:07+08:00 ] ::1 ::1 GET /blog/public/admin/entry/resource/hdjs/app/config.js
[ log ] localhost:8080/blog/public/admin/entry/resource/hdjs/app/config.js [运行时间：0.031768s][吞吐率：31.48req/s] [内存消耗：1,631.63kb] [文件加载：48]
[ info ] [ LANG ] /Applications/MAMP/htdocs/blog/thinkphp/lang/zh-cn.php
[ info ] [ ROUTE ] array (
  'type' => 'module',
  'module' => 
  array (
    0 => 'admin',
    1 => 'entry',
    2 => 'resource',
  ),
)
[ info ] [ HEADER ] array (
  'host' => 'localhost:8080',
  'connection' => 'keep-alive',
  'user-agent' => 'Mozilla/5.0 (Macintosh; Intel Mac OS X 10_12_4) AppleWebKit/537.36 (KHTML, like Gecko) Chrome/57.0.2987.133 Safari/537.36',
  'accept' => '*/*',
  'referer' => 'http://localhost:8080/blog/public/admin/entry/index.html',
  'accept-encoding' => 'gzip, deflate, sdch, br',
  'accept-language' => 'zh-CN,zh;q=0.8,en;q=0.6',
  'cookie' => 'PHPSESSID=03a6cf9d9de27edbbc167ed96a159db6; SQLiteManager_currentLangue=2',
)
[ info ] [ PARAM ] array (
  'hdjs' => 'app',
)
[ info ] [ SESSION ] INIT array (
  'id' => '',
  'var_session_id' => '',
  'prefix' => 'think',
  'type' => '',
  'auto_start' => true,
)
[ info ] [ LOG ] INIT File

---------------------------------------------------------------
